<?xml version="1.0" encoding="UTF-8"?>
<!-- Generated by org.testng.reporters.JUnitReportReporter -->
<testsuite hostname="DESKTOP-NG3RBDE" failures="0" tests="11" name="Runner_Files.Headerpage_positive_scenarios_runner" time="44.848" errors="0" timestamp="2021-05-24T20:43:19 IST" skipped="0">
  <testcase classname="Runner_Files.Headerpage_positive_scenarios_runner" name="runScenario" time="2.044"/>
  <system-out/>
  <testcase classname="Runner_Files.Headerpage_positive_scenarios_runner" name="runScenario" time="1.814"/>
  <system-out/>
  <testcase classname="Runner_Files.Headerpage_positive_scenarios_runner" name="runScenario" time="6.626"/>
  <system-out/>
  <testcase classname="Runner_Files.Headerpage_positive_scenarios_runner" name="runScenario" time="0.282"/>
  <system-out/>
  <testcase classname="Runner_Files.Headerpage_positive_scenarios_runner" name="runScenario" time="0.442"/>
  <system-out/>
  <testcase classname="Runner_Files.Headerpage_positive_scenarios_runner" name="runScenario" time="3.330"/>
  <system-out/>
  <testcase classname="Runner_Files.Headerpage_positive_scenarios_runner" name="runScenario" time="18.171"/>
  <system-out/>
  <testcase classname="Runner_Files.Headerpage_positive_scenarios_runner" name="runScenario" time="0.209"/>
  <system-out/>
  <testcase classname="Runner_Files.Headerpage_positive_scenarios_runner" name="runScenario" time="0.505"/>
  <system-out/>
  <testcase classname="Runner_Files.Headerpage_positive_scenarios_runner" name="runScenario" time="1.655"/>
  <system-out/>
  <testcase classname="Runner_Files.Headerpage_positive_scenarios_runner" name="runScenario" time="9.770"/>
  <system-out/>
</testsuite> <!-- Runner_Files.Headerpage_positive_scenarios_runner -->
