<?xml version="1.0" encoding="UTF-8"?>
<!-- Generated by org.testng.reporters.JUnitReportReporter -->
<testsuite hostname="DESKTOP-NG3RBDE" failures="0" tests="3" name="Runner_Files.Services_positive_scenarios_runner" time="26.228" errors="0" timestamp="2021-05-24T21:30:16 IST" skipped="0">
  <testcase classname="Runner_Files.Services_positive_scenarios_runner" name="runScenario" time="0.350"/>
  <system-out/>
  <testcase classname="Runner_Files.Services_positive_scenarios_runner" name="runScenario" time="17.002"/>
  <system-out/>
  <testcase classname="Runner_Files.Services_positive_scenarios_runner" name="runScenario" time="8.876"/>
  <system-out/>
</testsuite> <!-- Runner_Files.Services_positive_scenarios_runner -->
