<?xml version="1.0" encoding="UTF-8"?>
<!-- Generated by org.testng.reporters.JUnitReportReporter -->
<testsuite hostname="DESKTOP-NG3RBDE" failures="0" tests="5" name="Runner_Files.Homepage_positive_scenarios_runner" time="37.240" errors="0" timestamp="2021-05-24T20:44:13 IST" skipped="0">
  <testcase classname="Runner_Files.Homepage_positive_scenarios_runner" name="runScenario" time="17.302"/>
  <system-out/>
  <testcase classname="Runner_Files.Homepage_positive_scenarios_runner" name="runScenario" time="5.784"/>
  <system-out/>
  <testcase classname="Runner_Files.Homepage_positive_scenarios_runner" name="runScenario" time="5.763"/>
  <system-out/>
  <testcase classname="Runner_Files.Homepage_positive_scenarios_runner" name="runScenario" time="3.504"/>
  <system-out/>
  <testcase classname="Runner_Files.Homepage_positive_scenarios_runner" name="runScenario" time="4.887"/>
  <system-out/>
</testsuite> <!-- Runner_Files.Homepage_positive_scenarios_runner -->
