<?xml version="1.0" encoding="UTF-8"?>
<!-- Generated by org.testng.reporters.JUnitReportReporter -->
<testsuite hostname="DESKTOP-NG3RBDE" failures="0" tests="3" name="Runner_Files.Landing_welcome_positive_scenarios_runner" time="24.401" errors="0" timestamp="2021-05-24T20:34:42 IST" skipped="0">
  <testcase classname="Runner_Files.Landing_welcome_positive_scenarios_runner" name="runScenario" time="11.136"/>
  <system-out/>
  <testcase classname="Runner_Files.Landing_welcome_positive_scenarios_runner" name="runScenario" time="10.186"/>
  <system-out/>
  <testcase classname="Runner_Files.Landing_welcome_positive_scenarios_runner" name="runScenario" time="3.079"/>
  <system-out/>
</testsuite> <!-- Runner_Files.Landing_welcome_positive_scenarios_runner -->
