<?xml version="1.0" encoding="UTF-8"?>
<!-- Generated by org.testng.reporters.JUnitReportReporter -->
<testsuite hostname="DESKTOP-NG3RBDE" failures="0" tests="7" name="Runner_Files.Signup_positive_scenarios_runner" time="29.460" errors="0" timestamp="2021-05-24T20:40:33 IST" skipped="0">
  <testcase classname="Runner_Files.Signup_positive_scenarios_runner" name="runScenario" time="8.209"/>
  <system-out/>
  <testcase classname="Runner_Files.Signup_positive_scenarios_runner" name="runScenario" time="0.602"/>
  <system-out/>
  <testcase classname="Runner_Files.Signup_positive_scenarios_runner" name="runScenario" time="5.946"/>
  <system-out/>
  <testcase classname="Runner_Files.Signup_positive_scenarios_runner" name="runScenario" time="9.765"/>
  <system-out/>
  <testcase classname="Runner_Files.Signup_positive_scenarios_runner" name="runScenario" time="1.027"/>
  <system-out/>
  <testcase classname="Runner_Files.Signup_positive_scenarios_runner" name="runScenario" time="1.154"/>
  <system-out/>
  <testcase classname="Runner_Files.Signup_positive_scenarios_runner" name="runScenario" time="2.757"/>
  <system-out/>
</testsuite> <!-- Runner_Files.Signup_positive_scenarios_runner -->
