<?xml version="1.0" encoding="UTF-8"?>
<!-- Generated by org.testng.reporters.JUnitReportReporter -->
<testsuite hostname="DESKTOP-NG3RBDE" failures="0" tests="7" name="Runner_Files.Circles_negative_scenarios_runner" time="40.393" errors="0" timestamp="2021-05-24T20:49:42 IST" skipped="0">
  <testcase classname="Runner_Files.Circles_negative_scenarios_runner" name="runScenario" time="31.484"/>
  <system-out/>
  <testcase classname="Runner_Files.Circles_negative_scenarios_runner" name="runScenario" time="1.409"/>
  <system-out/>
  <testcase classname="Runner_Files.Circles_negative_scenarios_runner" name="runScenario" time="1.508"/>
  <system-out/>
  <testcase classname="Runner_Files.Circles_negative_scenarios_runner" name="runScenario" time="1.189"/>
  <system-out/>
  <testcase classname="Runner_Files.Circles_negative_scenarios_runner" name="runScenario" time="0.822"/>
  <system-out/>
  <testcase classname="Runner_Files.Circles_negative_scenarios_runner" name="runScenario" time="2.373"/>
  <system-out/>
  <testcase classname="Runner_Files.Circles_negative_scenarios_runner" name="runScenario" time="1.608"/>
  <system-out/>
</testsuite> <!-- Runner_Files.Circles_negative_scenarios_runner -->
