<?xml version="1.0" encoding="UTF-8"?>
<!-- Generated by org.testng.reporters.JUnitReportReporter -->
<testsuite hostname="DESKTOP-NG3RBDE" failures="0" tests="5" name="Runner_Files.Forgot_password_negative_scenarios_runner" time="17.978" errors="0" timestamp="2021-05-24T21:02:23 IST" skipped="0">
  <testcase classname="Runner_Files.Forgot_password_negative_scenarios_runner" name="runScenario" time="0.385"/>
  <system-out/>
  <testcase classname="Runner_Files.Forgot_password_negative_scenarios_runner" name="runScenario" time="0.400"/>
  <system-out/>
  <testcase classname="Runner_Files.Forgot_password_negative_scenarios_runner" name="runScenario" time="16.436"/>
  <system-out/>
  <testcase classname="Runner_Files.Forgot_password_negative_scenarios_runner" name="runScenario" time="0.379"/>
  <system-out/>
  <testcase classname="Runner_Files.Forgot_password_negative_scenarios_runner" name="runScenario" time="0.378"/>
  <system-out/>
</testsuite> <!-- Runner_Files.Forgot_password_negative_scenarios_runner -->
