<?xml version="1.0" encoding="UTF-8"?>
<!-- Generated by org.testng.reporters.JUnitReportReporter -->
<testsuite hostname="DESKTOP-NG3RBDE" failures="0" tests="7" name="Runner_Files.Utilities_positive_scenarios_runner" time="70.954" errors="0" timestamp="2021-05-24T21:01:18 IST" skipped="0">
  <testcase classname="Runner_Files.Utilities_positive_scenarios_runner" name="runScenario" time="10.048"/>
  <system-out/>
  <testcase classname="Runner_Files.Utilities_positive_scenarios_runner" name="runScenario" time="20.430"/>
  <system-out/>
  <testcase classname="Runner_Files.Utilities_positive_scenarios_runner" name="runScenario" time="22.240"/>
  <system-out/>
  <testcase classname="Runner_Files.Utilities_positive_scenarios_runner" name="runScenario" time="3.318"/>
  <system-out/>
  <testcase classname="Runner_Files.Utilities_positive_scenarios_runner" name="runScenario" time="1.613"/>
  <system-out/>
  <testcase classname="Runner_Files.Utilities_positive_scenarios_runner" name="runScenario" time="0.753"/>
  <system-out/>
  <testcase classname="Runner_Files.Utilities_positive_scenarios_runner" name="runScenario" time="12.552"/>
  <system-out/>
</testsuite> <!-- Runner_Files.Utilities_positive_scenarios_runner -->
