<?xml version="1.0" encoding="UTF-8"?>
<!-- Generated by org.testng.reporters.JUnitReportReporter -->
<testsuite hostname="DESKTOP-NG3RBDE" failures="0" tests="8" name="Runner_Files.Utilities_negative_scenarios_runner" time="39.186" errors="0" timestamp="2021-05-24T20:59:42 IST" skipped="0">
  <testcase classname="Runner_Files.Utilities_negative_scenarios_runner" name="runScenario" time="24.679"/>
  <system-out/>
  <testcase classname="Runner_Files.Utilities_negative_scenarios_runner" name="runScenario" time="0.489"/>
  <system-out/>
  <testcase classname="Runner_Files.Utilities_negative_scenarios_runner" name="runScenario" time="4.702"/>
  <system-out/>
  <testcase classname="Runner_Files.Utilities_negative_scenarios_runner" name="runScenario" time="3.348"/>
  <system-out/>
  <testcase classname="Runner_Files.Utilities_negative_scenarios_runner" name="runScenario" time="1.031"/>
  <system-out/>
  <testcase classname="Runner_Files.Utilities_negative_scenarios_runner" name="runScenario" time="2.176"/>
  <system-out/>
  <testcase classname="Runner_Files.Utilities_negative_scenarios_runner" name="runScenario" time="0.602"/>
  <system-out/>
  <testcase classname="Runner_Files.Utilities_negative_scenarios_runner" name="runScenario" time="2.159"/>
  <system-out/>
</testsuite> <!-- Runner_Files.Utilities_negative_scenarios_runner -->
